<?xml version="1.0" encoding="UTF-8"?>
<!-- Generated by org.testng.reporters.JUnitReportReporter -->
<testsuite hostname="DESKTOP-Q9QI7KI" failures="0" tests="1" name="testNGClass.ValidateACBalanceTest" time="54.017" errors="0" timestamp="2022-12-18T08:53:00 IST" skipped="0">
  <testcase classname="testNGClass.ValidateACBalanceTest" name="validateAcBalance" time="54.017"/>
  <system-out/>
</testsuite> <!-- testNGClass.ValidateACBalanceTest -->
